# JRE version: OpenJDK Runtime Environment (25.0+36) (build 25+36-3489)
# Java VM: OpenJDK 64-Bit Server VM (25+36-3489, mixed mode, emulated-client, sharing, tiered, compressed oops, compressed class ptrs, g1 gc, windows-amd64)
GC Precious Log:
 CardTable entry size: 512
 Card Set container configuration: InlinePtr #cards 4 size 8 Array Of Cards #cards 16 size 48 Howl #buckets 8 coarsen threshold 3686 Howl Bitmap #cards 512 size 80 coarsen threshold 460 Card regions per heap region 1 cards per card region 4096
 CPUs: 12 total, 12 available
 Memory: 15690M
 Large Page Support: Disabled
 NUMA Support: Disabled
 Compressed Oops: Enabled (Zero based)
 Heap Region Size: 2M
 Heap Min Capacity: 8M
 Heap Initial Capacity: 246M
 Heap Max Capacity: 3924M
 Pre-touch: Disabled
 Parallel Workers: 10
 Concurrent Workers: 3
 Concurrent Refinement Workers: 10
 Periodic GC: Disabled
Heap:
 garbage-first heap   total reserved 4018176K, committed 86016K, used 41142K [0x000000070ac00000, 0x0000000800000000)
  region size 2048K, 3 young (6144K), 1 survivors (2048K)
GC Heap Usage History (20 events):
Event: 3.536 {heap Before GC invocations=11 (full 0):
 garbage-first heap   total reserved 4018176K, committed 81920K, used 65069K [0x000000070ac00000, 0x0000000800000000)
  region size 2048K, 22 young (45056K), 3 survivors (6144K)
}
Event: 3.541 {heap After GC invocations=12 (full 0):
 garbage-first heap   total reserved 4018176K, committed 81920K, used 28837K [0x000000070ac00000, 0x0000000800000000)
  region size 2048K, 2 young (4096K), 2 survivors (4096K)
}
Event: 4.097 {heap Before GC invocations=12 (full 0):
 garbage-first heap   total reserved 4018176K, committed 81920K, used 63653K [0x000000070ac00000, 0x0000000800000000)
  region size 2048K, 20 young (40960K), 2 survivors (4096K)
}
Event: 4.100 {heap After GC invocations=13 (full 0):
 garbage-first heap   total reserved 4018176K, committed 81920K, used 30423K [0x000000070ac00000, 0x0000000800000000)
  region size 2048K, 3 young (6144K), 3 survivors (6144K)
}
Event: 4.778 {heap Before GC invocations=14 (full 0):
 garbage-first heap   total reserved 4018176K, committed 81920K, used 65239K [0x000000070ac00000, 0x0000000800000000)
  region size 2048K, 21 young (43008K), 3 survivors (6144K)
}
Event: 4.782 {heap After GC invocations=15 (full 0):
 garbage-first heap   total reserved 4018176K, committed 81920K, used 32145K [0x000000070ac00000, 0x0000000800000000)
  region size 2048K, 2 young (4096K), 2 survivors (4096K)
}
Event: 5.727 {heap Before GC invocations=15 (full 0):
 garbage-first heap   total reserved 4018176K, committed 81920K, used 71057K [0x000000070ac00000, 0x0000000800000000)
  region size 2048K, 21 young (43008K), 2 survivors (4096K)
}
Event: 5.731 {heap After GC invocations=16 (full 0):
 garbage-first heap   total reserved 4018176K, committed 81920K, used 33317K [0x000000070ac00000, 0x0000000800000000)
  region size 2048K, 3 young (6144K), 3 survivors (6144K)
}
Event: 6.210 {heap Before GC invocations=16 (full 0):
 garbage-first heap   total reserved 4018176K, committed 81920K, used 72229K [0x000000070ac00000, 0x0000000800000000)
  region size 2048K, 22 young (45056K), 3 survivors (6144K)
}
Event: 6.214 {heap After GC invocations=17 (full 0):
 garbage-first heap   total reserved 4018176K, committed 81920K, used 35760K [0x000000070ac00000, 0x0000000800000000)
  region size 2048K, 3 young (6144K), 3 survivors (6144K)
}
Event: 9.747 {heap Before GC invocations=17 (full 0):
 garbage-first heap   total reserved 4018176K, committed 81920K, used 70576K [0x000000070ac00000, 0x0000000800000000)
  region size 2048K, 21 young (43008K), 3 survivors (6144K)
}
Event: 9.752 {heap After GC invocations=18 (full 0):
 garbage-first heap   total reserved 4018176K, committed 83968K, used 38329K [0x000000070ac00000, 0x0000000800000000)
  region size 2048K, 3 young (6144K), 3 survivors (6144K)
}
Event: 17.840 {heap Before GC invocations=19 (full 0):
 garbage-first heap   total reserved 4018176K, committed 83968K, used 71097K [0x000000070ac00000, 0x0000000800000000)
  region size 2048K, 20 young (40960K), 3 survivors (6144K)
}
Event: 17.844 {heap After GC invocations=20 (full 0):
 garbage-first heap   total reserved 4018176K, committed 83968K, used 39700K [0x000000070ac00000, 0x0000000800000000)
  region size 2048K, 3 young (6144K), 3 survivors (6144K)
}
Event: 19.440 {heap Before GC invocations=20 (full 0):
 garbage-first heap   total reserved 4018176K, committed 83968K, used 74516K [0x000000070ac00000, 0x0000000800000000)
  region size 2048K, 20 young (40960K), 3 survivors (6144K)
}
Event: 19.443 {heap After GC invocations=21 (full 0):
 garbage-first heap   total reserved 4018176K, committed 86016K, used 39424K [0x000000070ac00000, 0x0000000800000000)
  region size 2048K, 2 young (4096K), 2 survivors (4096K)
}
Event: 21.159 {heap Before GC invocations=21 (full 0):
 garbage-first heap   total reserved 4018176K, committed 86016K, used 76288K [0x000000070ac00000, 0x0000000800000000)
  region size 2048K, 20 young (40960K), 2 survivors (4096K)
}
Event: 21.162 {heap After GC invocations=22 (full 0):
 garbage-first heap   total reserved 4018176K, committed 86016K, used 39076K [0x000000070ac00000, 0x0000000800000000)
  region size 2048K, 1 young (2048K), 1 survivors (2048K)
}
Event: 22.984 {heap Before GC invocations=23 (full 0):
 garbage-first heap   total reserved 4018176K, committed 86016K, used 77988K [0x000000070ac00000, 0x0000000800000000)
  region size 2048K, 20 young (40960K), 1 survivors (2048K)
}
Event: 22.986 {heap After GC invocations=24 (full 0):
 garbage-first heap   total reserved 4018176K, committed 86016K, used 39094K [0x000000070ac00000, 0x0000000800000000)
  region size 2048K, 1 young (2048K), 1 survivors (2048K)
}

